\BOOKMARK [1][-]{section.1}{Introduction of Target Task}{}% 1
\BOOKMARK [1][-]{section.2}{Previous work}{}% 2
\BOOKMARK [1][-]{section.3}{Relevance to machine learning}{}% 3
\BOOKMARK [1][-]{section.4}{Proposed method}{}% 4
\BOOKMARK [2][-]{subsection.4.1}{Preprocessing}{section.4}% 5
\BOOKMARK [2][-]{subsection.4.2}{Support Vector Classifier}{section.4}% 6
\BOOKMARK [2][-]{subsection.4.3}{Decision tree}{section.4}% 7
\BOOKMARK [2][-]{subsection.4.4}{Brief Results}{section.4}% 8
\BOOKMARK [1][-]{section.5}{Experimental design and data}{}% 9
\BOOKMARK [2][-]{subsection.5.1}{Data Source}{section.5}% 10
\BOOKMARK [2][-]{subsection.5.2}{Data Details}{section.5}% 11
\BOOKMARK [2][-]{subsection.5.3}{Data Statistics}{section.5}% 12
\BOOKMARK [2][-]{subsection.5.4}{Remarks}{section.5}% 13
\BOOKMARK [1][-]{section.6}{Evaluation Metrics and Model Selection Design}{}% 14
\BOOKMARK [2][-]{subsection.6.1}{Model Selection Design}{section.6}% 15
\BOOKMARK [2][-]{subsection.6.2}{Evaluation Metrics}{section.6}% 16
\BOOKMARK [1][-]{section.7}{Experimental Results}{}% 17
\BOOKMARK [2][-]{subsection.7.1}{3-Fold Cross Validation}{section.7}% 18
\BOOKMARK [2][-]{subsection.7.2}{Testing Accuracy}{section.7}% 19
\BOOKMARK [2][-]{subsection.7.3}{Precision, Recall, and F1-Score}{section.7}% 20
\BOOKMARK [1][-]{section.8}{Conclusion and Discussions}{}% 21
\BOOKMARK [1][-]{section.9}{Team justification}{}% 22
\BOOKMARK [1][-]{section.10}{Contributions}{}% 23
